/*C36*/SET SCHEMA PUBLIC
DROP TABLE "PUBLIC"."T_REUNION"
DROP TABLE "PUBLIC"."T_SALLE"
DROP TABLE "PUBLIC"."T_PROJET"
/*C37*/SET SCHEMA PUBLIC
create table T_PROJET (PROJET_ID varchar(255) not null, primary key (PROJET_ID))
create table T_REUNION (REUNION_ID bigint not null, dateDebut timestamp, dateFin timestamp, name varchar(255), PROJET_ID_fk varchar(255), SALLE_ID_fk varchar(255), primary key (REUNION_ID))
create table T_SALLE (SALLE_ID varchar(255) not null, nbPlaces integer not null, primary key (SALLE_ID))
alter table T_REUNION add constraint FK6n4k05vewj7o0sr53fs2lhc41 foreign key (PROJET_ID_fk) references T_PROJET
alter table T_REUNION add constraint FKruj2w956yyt6glxmgh22v70ct foreign key (SALLE_ID_fk) references T_SALLE
INSERT INTO T_PROJET VALUES('projet 001')
COMMIT
INSERT INTO T_PROJET VALUES('projet 011')
COMMIT
INSERT INTO T_PROJET VALUES('projet 101')
COMMIT
INSERT INTO T_SALLE VALUES('salle R2D2',22)
COMMIT
INSERT INTO T_SALLE VALUES('salle 007',700)
COMMIT
INSERT INTO T_SALLE VALUES('salle Mary Poppins',1960)
COMMIT
INSERT INTO T_REUNION VALUES(100022,NULL,NULL,'projet 001','projet 011','salle R2D2')
COMMIT
INSERT INTO T_REUNION VALUES(200700,NULL,NULL,'projet 001','projet 011','salle 007')
COMMIT
INSERT INTO T_REUNION VALUES(301960,NULL,NULL,'projet 001','projet 011','salle 007')
COMMIT
DISCONNECT
/*C36*/DROP TABLE "PUBLIC"."T_REUNION"
DROP TABLE "PUBLIC"."T_SALLE"
DROP TABLE "PUBLIC"."T_PROJET"
/*C39*/SET SCHEMA PUBLIC
create table T_PROJET (PROJET_ID varchar(255) not null, primary key (PROJET_ID))
create table T_REUNION (REUNION_ID bigint not null, dateDebut timestamp, dateFin timestamp, name varchar(255), PROJET_ID_fk varchar(255), SALLE_ID_fk varchar(255), primary key (REUNION_ID))
create table T_SALLE (SALLE_ID varchar(255) not null, nbPlaces integer not null, primary key (SALLE_ID))
alter table T_REUNION add constraint FK6n4k05vewj7o0sr53fs2lhc41 foreign key (PROJET_ID_fk) references T_PROJET
alter table T_REUNION add constraint FKruj2w956yyt6glxmgh22v70ct foreign key (SALLE_ID_fk) references T_SALLE
INSERT INTO T_PROJET VALUES('projet 001')
COMMIT
INSERT INTO T_PROJET VALUES('projet 011')
COMMIT
INSERT INTO T_PROJET VALUES('projet 101')
COMMIT
INSERT INTO T_SALLE VALUES('salle R2D2',22)
COMMIT
INSERT INTO T_SALLE VALUES('salle 007',700)
COMMIT
INSERT INTO T_SALLE VALUES('salle Mary Poppins',1960)
COMMIT
INSERT INTO T_REUNION VALUES(100022,'2018-01-24 09:19:58.932000',NULL,'projet 001','projet 011','salle R2D2')
COMMIT
INSERT INTO T_REUNION VALUES(200700,'2018-01-24 09:19:58.932000',NULL,'projet 001','projet 011','salle 007')
COMMIT
INSERT INTO T_REUNION VALUES(301960,'2018-01-24 09:19:58.932000',NULL,'projet 001','projet 011','salle 007')
COMMIT
DISCONNECT
/*C36*/DROP TABLE "PUBLIC"."T_REUNION"
DROP TABLE "PUBLIC"."T_SALLE"
DROP TABLE "PUBLIC"."T_PROJET"
/*C42*/SET SCHEMA PUBLIC
create table T_PROJET (PROJET_ID varchar(255) not null, primary key (PROJET_ID))
create table T_REUNION (REUNION_ID bigint not null, dateDebut timestamp, dateFin timestamp, name varchar(255), PROJET_ID_fk varchar(255), SALLE_ID_fk varchar(255), primary key (REUNION_ID))
create table T_SALLE (SALLE_ID varchar(255) not null, nbPlaces integer not null, primary key (SALLE_ID))
alter table T_REUNION add constraint FK6n4k05vewj7o0sr53fs2lhc41 foreign key (PROJET_ID_fk) references T_PROJET
alter table T_REUNION add constraint FKruj2w956yyt6glxmgh22v70ct foreign key (SALLE_ID_fk) references T_SALLE
INSERT INTO T_PROJET VALUES('projet 001')
COMMIT
INSERT INTO T_PROJET VALUES('projet 011')
COMMIT
INSERT INTO T_PROJET VALUES('projet 101')
COMMIT
INSERT INTO T_SALLE VALUES('salle R2D2',22)
COMMIT
INSERT INTO T_SALLE VALUES('salle 007',700)
COMMIT
INSERT INTO T_SALLE VALUES('salle Mary Poppins',1960)
COMMIT
INSERT INTO T_REUNION VALUES(100022,'2018-01-24 09:28:38.026000',NULL,'R\u00e9union r01','projet 011','salle R2D2')
COMMIT
INSERT INTO T_REUNION VALUES(200700,'2018-01-24 09:28:38.026000',NULL,'R\u00e9union r02','projet 011','salle 007')
COMMIT
INSERT INTO T_REUNION VALUES(301960,'2018-01-24 09:28:38.026000',NULL,'R\u00e9union r03','projet 101','salle Mary Poppins')
COMMIT
DISCONNECT
/*C36*/DROP TABLE "PUBLIC"."T_REUNION"
DROP TABLE "PUBLIC"."T_SALLE"
DROP TABLE "PUBLIC"."T_PROJET"
/*C43*/SET SCHEMA PUBLIC
create table T_PROJET (PROJET_ID bigint not null, name varchar(255), primary key (PROJET_ID))
create table T_REUNION (REUNION_ID bigint not null, dateDebut timestamp, dateFin timestamp, name varchar(255), PROJET_ID_fk bigint, SALLE_ID_fk bigint, primary key (REUNION_ID))
create table T_SALLE (SALLE_ID bigint not null, name varchar(255), nbPlaces integer not null, primary key (SALLE_ID))
alter table T_REUNION add constraint FK6n4k05vewj7o0sr53fs2lhc41 foreign key (PROJET_ID_fk) references T_PROJET
alter table T_REUNION add constraint FKruj2w956yyt6glxmgh22v70ct foreign key (SALLE_ID_fk) references T_SALLE
INSERT INTO T_PROJET VALUES(0,'projet 001')
COMMIT
/*C36*/DROP TABLE "PUBLIC"."T_REUNION"
DROP TABLE "PUBLIC"."T_SALLE"
DROP TABLE "PUBLIC"."T_PROJET"
/*C44*/SET SCHEMA PUBLIC
create table T_PROJET (PROJET_ID bigint not null, name varchar(255), primary key (PROJET_ID))
create table T_REUNION (REUNION_ID bigint not null, dateDebut timestamp, dateFin timestamp, name varchar(255), PROJET_ID_fk bigint, SALLE_ID_fk bigint, primary key (REUNION_ID))
create table T_SALLE (SALLE_ID bigint not null, name varchar(255), nbPlaces integer not null, primary key (SALLE_ID))
alter table T_REUNION add constraint FK6n4k05vewj7o0sr53fs2lhc41 foreign key (PROJET_ID_fk) references T_PROJET
alter table T_REUNION add constraint FKruj2w956yyt6glxmgh22v70ct foreign key (SALLE_ID_fk) references T_SALLE
INSERT INTO T_PROJET VALUES(0,'projet 001')
COMMIT
/*C36*/DROP TABLE "PUBLIC"."T_REUNION"
DROP TABLE "PUBLIC"."T_SALLE"
DROP TABLE "PUBLIC"."T_PROJET"
/*C45*/SET SCHEMA PUBLIC
create table T_PROJET (PROJET_ID bigint not null, name varchar(255), primary key (PROJET_ID))
create table T_REUNION (REUNION_ID bigint not null, dateDebut timestamp, dateFin timestamp, name varchar(255), PROJET_ID_fk bigint, SALLE_ID_fk bigint, primary key (REUNION_ID))
create table T_SALLE (SALLE_ID bigint not null, name varchar(255), nbPlaces integer not null, primary key (SALLE_ID))
alter table T_REUNION add constraint FK6n4k05vewj7o0sr53fs2lhc41 foreign key (PROJET_ID_fk) references T_PROJET
alter table T_REUNION add constraint FKruj2w956yyt6glxmgh22v70ct foreign key (SALLE_ID_fk) references T_SALLE
INSERT INTO T_PROJET VALUES(0,'projet 001')
COMMIT
/*C36*/DROP TABLE "PUBLIC"."T_REUNION"
DROP TABLE "PUBLIC"."T_SALLE"
DROP TABLE "PUBLIC"."T_PROJET"
/*C46*/SET SCHEMA PUBLIC
create table T_PROJET (PROJET_ID bigint not null, name varchar(255), primary key (PROJET_ID))
create table T_REUNION (REUNION_ID bigint not null, dateDebut timestamp, dateFin timestamp, name varchar(255), PROJET_ID_fk bigint, SALLE_ID_fk bigint, primary key (REUNION_ID))
create table T_SALLE (SALLE_ID bigint not null, name varchar(255), nbPlaces integer not null, primary key (SALLE_ID))
alter table T_REUNION add constraint FK6n4k05vewj7o0sr53fs2lhc41 foreign key (PROJET_ID_fk) references T_PROJET
alter table T_REUNION add constraint FKruj2w956yyt6glxmgh22v70ct foreign key (SALLE_ID_fk) references T_SALLE
INSERT INTO T_PROJET VALUES(40,'projet 001')
ALTER SEQUENCE PUBLIC.HIBERNATE_SEQUENCE RESTART WITH 41
COMMIT
INSERT INTO T_PROJET VALUES(41,'projet 011')
ALTER SEQUENCE PUBLIC.HIBERNATE_SEQUENCE RESTART WITH 42
COMMIT
INSERT INTO T_PROJET VALUES(42,'projet 101')
ALTER SEQUENCE PUBLIC.HIBERNATE_SEQUENCE RESTART WITH 43
COMMIT
INSERT INTO T_SALLE VALUES(43,'salle R2D2',22)
ALTER SEQUENCE PUBLIC.HIBERNATE_SEQUENCE RESTART WITH 44
COMMIT
INSERT INTO T_SALLE VALUES(44,'salle 007',700)
ALTER SEQUENCE PUBLIC.HIBERNATE_SEQUENCE RESTART WITH 45
COMMIT
INSERT INTO T_SALLE VALUES(45,'salle Mary Poppins',1960)
ALTER SEQUENCE PUBLIC.HIBERNATE_SEQUENCE RESTART WITH 46
COMMIT
/*C36*/DROP TABLE "PUBLIC"."T_REUNION"
DROP TABLE "PUBLIC"."T_SALLE"
DROP TABLE "PUBLIC"."T_PROJET"
/*C47*/SET SCHEMA PUBLIC
create table T_PROJET (PROJET_ID bigint not null, name varchar(255), primary key (PROJET_ID))
create table T_REUNION (REUNION_ID bigint not null, dateDebut timestamp, dateFin timestamp, name varchar(255), PROJET_ID_fk bigint, SALLE_ID_fk bigint, primary key (REUNION_ID))
create table T_SALLE (SALLE_ID bigint not null, name varchar(255), nbPlaces integer not null, primary key (SALLE_ID))
alter table T_REUNION add constraint FK6n4k05vewj7o0sr53fs2lhc41 foreign key (PROJET_ID_fk) references T_PROJET
alter table T_REUNION add constraint FKruj2w956yyt6glxmgh22v70ct foreign key (SALLE_ID_fk) references T_SALLE
INSERT INTO T_PROJET VALUES(46,'projet 001')
ALTER SEQUENCE PUBLIC.HIBERNATE_SEQUENCE RESTART WITH 47
COMMIT
INSERT INTO T_PROJET VALUES(47,'projet 011')
ALTER SEQUENCE PUBLIC.HIBERNATE_SEQUENCE RESTART WITH 48
COMMIT
INSERT INTO T_PROJET VALUES(48,'projet 101')
ALTER SEQUENCE PUBLIC.HIBERNATE_SEQUENCE RESTART WITH 49
COMMIT
INSERT INTO T_SALLE VALUES(49,'salle R2D2',22)
ALTER SEQUENCE PUBLIC.HIBERNATE_SEQUENCE RESTART WITH 50
COMMIT
INSERT INTO T_SALLE VALUES(50,'salle 007',700)
ALTER SEQUENCE PUBLIC.HIBERNATE_SEQUENCE RESTART WITH 51
COMMIT
INSERT INTO T_SALLE VALUES(51,'salle Mary Poppins',1960)
ALTER SEQUENCE PUBLIC.HIBERNATE_SEQUENCE RESTART WITH 52
COMMIT
INSERT INTO T_REUNION VALUES(52,'2018-01-24 09:54:02.484000',NULL,'R\u00e9union r01',46,49)
ALTER SEQUENCE PUBLIC.HIBERNATE_SEQUENCE RESTART WITH 53
COMMIT
INSERT INTO T_REUNION VALUES(53,'2018-01-24 09:54:02.484000',NULL,'R\u00e9union r02',47,50)
ALTER SEQUENCE PUBLIC.HIBERNATE_SEQUENCE RESTART WITH 54
COMMIT
INSERT INTO T_REUNION VALUES(54,'2018-01-24 09:54:02.484000',NULL,'R\u00e9union r03',48,51)
ALTER SEQUENCE PUBLIC.HIBERNATE_SEQUENCE RESTART WITH 55
COMMIT
DISCONNECT
/*C36*/DROP TABLE "PUBLIC"."T_REUNION"
DROP TABLE "PUBLIC"."T_SALLE"
DROP TABLE "PUBLIC"."T_PROJET"
/*C48*/SET SCHEMA PUBLIC
create table T_PROJET (PROJET_ID bigint not null, name varchar(255), primary key (PROJET_ID))
create table T_REUNION (REUNION_ID bigint not null, dateDebut timestamp, dateFin timestamp, name varchar(255), PROJET_ID_fk bigint, SALLE_ID_fk bigint, primary key (REUNION_ID))
create table T_SALLE (SALLE_ID bigint not null, name varchar(255), nbPlaces integer not null, primary key (SALLE_ID))
alter table T_REUNION add constraint FK6n4k05vewj7o0sr53fs2lhc41 foreign key (PROJET_ID_fk) references T_PROJET
alter table T_REUNION add constraint FKruj2w956yyt6glxmgh22v70ct foreign key (SALLE_ID_fk) references T_SALLE
INSERT INTO T_PROJET VALUES(55,'projet 001')
ALTER SEQUENCE PUBLIC.HIBERNATE_SEQUENCE RESTART WITH 56
COMMIT
INSERT INTO T_PROJET VALUES(56,'projet 011')
ALTER SEQUENCE PUBLIC.HIBERNATE_SEQUENCE RESTART WITH 57
COMMIT
INSERT INTO T_PROJET VALUES(57,'projet 101')
ALTER SEQUENCE PUBLIC.HIBERNATE_SEQUENCE RESTART WITH 58
COMMIT
INSERT INTO T_SALLE VALUES(58,'salle R2D2',22)
ALTER SEQUENCE PUBLIC.HIBERNATE_SEQUENCE RESTART WITH 59
COMMIT
INSERT INTO T_SALLE VALUES(59,'salle 007',700)
ALTER SEQUENCE PUBLIC.HIBERNATE_SEQUENCE RESTART WITH 60
COMMIT
INSERT INTO T_SALLE VALUES(60,'salle Mary Poppins',1960)
ALTER SEQUENCE PUBLIC.HIBERNATE_SEQUENCE RESTART WITH 61
COMMIT
INSERT INTO T_REUNION VALUES(61,'2018-01-24 10:09:47.619000',NULL,'R\u00e9union r01',55,58)
ALTER SEQUENCE PUBLIC.HIBERNATE_SEQUENCE RESTART WITH 62
COMMIT
INSERT INTO T_REUNION VALUES(62,'2018-01-24 10:09:47.619000',NULL,'R\u00e9union r02',56,59)
ALTER SEQUENCE PUBLIC.HIBERNATE_SEQUENCE RESTART WITH 63
COMMIT
INSERT INTO T_REUNION VALUES(63,'2018-01-24 10:09:47.619000',NULL,'R\u00e9union r03',57,60)
ALTER SEQUENCE PUBLIC.HIBERNATE_SEQUENCE RESTART WITH 64
COMMIT
DISCONNECT
/*C49*/SET SCHEMA PUBLIC
INSERT INTO T_PROJET VALUES(64,'projet 001')
ALTER SEQUENCE PUBLIC.HIBERNATE_SEQUENCE RESTART WITH 65
COMMIT
INSERT INTO T_PROJET VALUES(65,'projet 011')
ALTER SEQUENCE PUBLIC.HIBERNATE_SEQUENCE RESTART WITH 66
COMMIT
INSERT INTO T_PROJET VALUES(66,'projet 101')
ALTER SEQUENCE PUBLIC.HIBERNATE_SEQUENCE RESTART WITH 67
COMMIT
INSERT INTO T_SALLE VALUES(67,'salle R2D2',22)
ALTER SEQUENCE PUBLIC.HIBERNATE_SEQUENCE RESTART WITH 68
COMMIT
INSERT INTO T_SALLE VALUES(68,'salle 007',700)
ALTER SEQUENCE PUBLIC.HIBERNATE_SEQUENCE RESTART WITH 69
COMMIT
INSERT INTO T_SALLE VALUES(69,'salle Mary Poppins',1960)
ALTER SEQUENCE PUBLIC.HIBERNATE_SEQUENCE RESTART WITH 70
COMMIT
INSERT INTO T_REUNION VALUES(70,'2018-01-24 10:10:57.461000',NULL,'R\u00e9union r01',64,67)
ALTER SEQUENCE PUBLIC.HIBERNATE_SEQUENCE RESTART WITH 71
COMMIT
INSERT INTO T_REUNION VALUES(71,'2018-01-24 10:10:57.477000',NULL,'R\u00e9union r02',65,68)
ALTER SEQUENCE PUBLIC.HIBERNATE_SEQUENCE RESTART WITH 72
COMMIT
INSERT INTO T_REUNION VALUES(72,'2018-01-24 10:10:57.477000',NULL,'R\u00e9union r03',66,69)
ALTER SEQUENCE PUBLIC.HIBERNATE_SEQUENCE RESTART WITH 73
COMMIT
DISCONNECT
/*C36*/DROP TABLE "PUBLIC"."T_REUNION"
DROP TABLE "PUBLIC"."T_SALLE"
DROP TABLE "PUBLIC"."T_PROJET"
/*C50*/SET SCHEMA PUBLIC
create table T_PROJET (PROJET_ID bigint not null, name varchar(255), primary key (PROJET_ID))
create table T_REUNION (REUNION_ID bigint not null, dateDebut timestamp, dateFin timestamp, name varchar(255), PROJET_ID_fk bigint, SALLE_ID_fk bigint, primary key (REUNION_ID))
create table T_SALLE (SALLE_ID bigint not null, name varchar(255), nbPlaces integer not null, primary key (SALLE_ID))
alter table T_REUNION add constraint FK6n4k05vewj7o0sr53fs2lhc41 foreign key (PROJET_ID_fk) references T_PROJET
alter table T_REUNION add constraint FKruj2w956yyt6glxmgh22v70ct foreign key (SALLE_ID_fk) references T_SALLE
INSERT INTO T_PROJET VALUES(73,'projet 001')
ALTER SEQUENCE PUBLIC.HIBERNATE_SEQUENCE RESTART WITH 74
COMMIT
INSERT INTO T_PROJET VALUES(74,'projet 011')
ALTER SEQUENCE PUBLIC.HIBERNATE_SEQUENCE RESTART WITH 75
COMMIT
INSERT INTO T_PROJET VALUES(75,'projet 101')
ALTER SEQUENCE PUBLIC.HIBERNATE_SEQUENCE RESTART WITH 76
COMMIT
INSERT INTO T_SALLE VALUES(76,'salle R2D2',22)
ALTER SEQUENCE PUBLIC.HIBERNATE_SEQUENCE RESTART WITH 77
COMMIT
INSERT INTO T_SALLE VALUES(77,'salle 007',700)
ALTER SEQUENCE PUBLIC.HIBERNATE_SEQUENCE RESTART WITH 78
COMMIT
INSERT INTO T_SALLE VALUES(78,'salle Mary Poppins',1960)
ALTER SEQUENCE PUBLIC.HIBERNATE_SEQUENCE RESTART WITH 79
COMMIT
INSERT INTO T_REUNION VALUES(79,'2018-01-24 10:11:38.841000',NULL,'R\u00e9union r01',73,76)
ALTER SEQUENCE PUBLIC.HIBERNATE_SEQUENCE RESTART WITH 80
COMMIT
INSERT INTO T_REUNION VALUES(80,'2018-01-24 10:11:38.841000',NULL,'R\u00e9union r02',74,77)
ALTER SEQUENCE PUBLIC.HIBERNATE_SEQUENCE RESTART WITH 81
COMMIT
INSERT INTO T_REUNION VALUES(81,'2018-01-24 10:11:38.841000',NULL,'R\u00e9union r03',75,78)
ALTER SEQUENCE PUBLIC.HIBERNATE_SEQUENCE RESTART WITH 82
COMMIT
DISCONNECT
/*C51*/SET SCHEMA PUBLIC
INSERT INTO T_PROJET VALUES(82,'projet 001')
ALTER SEQUENCE PUBLIC.HIBERNATE_SEQUENCE RESTART WITH 83
COMMIT
INSERT INTO T_PROJET VALUES(83,'projet 011')
ALTER SEQUENCE PUBLIC.HIBERNATE_SEQUENCE RESTART WITH 84
COMMIT
INSERT INTO T_PROJET VALUES(84,'projet 101')
ALTER SEQUENCE PUBLIC.HIBERNATE_SEQUENCE RESTART WITH 85
COMMIT
INSERT INTO T_SALLE VALUES(85,'salle R2D2',22)
ALTER SEQUENCE PUBLIC.HIBERNATE_SEQUENCE RESTART WITH 86
COMMIT
INSERT INTO T_SALLE VALUES(86,'salle 007',700)
ALTER SEQUENCE PUBLIC.HIBERNATE_SEQUENCE RESTART WITH 87
COMMIT
INSERT INTO T_SALLE VALUES(87,'salle Mary Poppins',1960)
ALTER SEQUENCE PUBLIC.HIBERNATE_SEQUENCE RESTART WITH 88
COMMIT
INSERT INTO T_REUNION VALUES(88,'2018-01-24 11:01:14.056000',NULL,'R\u00e9union r01',82,85)
ALTER SEQUENCE PUBLIC.HIBERNATE_SEQUENCE RESTART WITH 89
COMMIT
INSERT INTO T_REUNION VALUES(89,'2018-01-24 11:01:14.056000',NULL,'R\u00e9union r02',83,86)
ALTER SEQUENCE PUBLIC.HIBERNATE_SEQUENCE RESTART WITH 90
COMMIT
INSERT INTO T_REUNION VALUES(90,'2018-01-24 11:01:14.056000',NULL,'R\u00e9union r03',84,87)
ALTER SEQUENCE PUBLIC.HIBERNATE_SEQUENCE RESTART WITH 91
COMMIT
/*C52*/SET SCHEMA PUBLIC
INSERT INTO T_PROJET VALUES(91,'projet 001')
ALTER SEQUENCE PUBLIC.HIBERNATE_SEQUENCE RESTART WITH 92
COMMIT
INSERT INTO T_PROJET VALUES(92,'projet 011')
ALTER SEQUENCE PUBLIC.HIBERNATE_SEQUENCE RESTART WITH 93
COMMIT
INSERT INTO T_PROJET VALUES(93,'projet 101')
ALTER SEQUENCE PUBLIC.HIBERNATE_SEQUENCE RESTART WITH 94
COMMIT
INSERT INTO T_SALLE VALUES(94,'salle R2D2',22)
ALTER SEQUENCE PUBLIC.HIBERNATE_SEQUENCE RESTART WITH 95
COMMIT
INSERT INTO T_SALLE VALUES(95,'salle 007',700)
ALTER SEQUENCE PUBLIC.HIBERNATE_SEQUENCE RESTART WITH 96
COMMIT
INSERT INTO T_SALLE VALUES(96,'salle Mary Poppins',1960)
ALTER SEQUENCE PUBLIC.HIBERNATE_SEQUENCE RESTART WITH 97
COMMIT
INSERT INTO T_REUNION VALUES(97,'2018-01-24 11:02:57.503000',NULL,'R\u00e9union r01',91,94)
ALTER SEQUENCE PUBLIC.HIBERNATE_SEQUENCE RESTART WITH 98
COMMIT
INSERT INTO T_REUNION VALUES(98,'2018-01-24 11:02:57.503000',NULL,'R\u00e9union r02',92,95)
ALTER SEQUENCE PUBLIC.HIBERNATE_SEQUENCE RESTART WITH 99
COMMIT
INSERT INTO T_REUNION VALUES(99,'2018-01-24 11:02:57.503000',NULL,'R\u00e9union r03',93,96)
ALTER SEQUENCE PUBLIC.HIBERNATE_SEQUENCE RESTART WITH 100
COMMIT
/*C53*/SET SCHEMA PUBLIC
INSERT INTO T_PROJET VALUES(100,'projet 001')
ALTER SEQUENCE PUBLIC.HIBERNATE_SEQUENCE RESTART WITH 101
COMMIT
INSERT INTO T_PROJET VALUES(101,'projet 011')
ALTER SEQUENCE PUBLIC.HIBERNATE_SEQUENCE RESTART WITH 102
COMMIT
INSERT INTO T_PROJET VALUES(102,'projet 101')
ALTER SEQUENCE PUBLIC.HIBERNATE_SEQUENCE RESTART WITH 103
COMMIT
INSERT INTO T_SALLE VALUES(103,'salle R2D2',22)
ALTER SEQUENCE PUBLIC.HIBERNATE_SEQUENCE RESTART WITH 104
COMMIT
INSERT INTO T_SALLE VALUES(104,'salle 007',700)
ALTER SEQUENCE PUBLIC.HIBERNATE_SEQUENCE RESTART WITH 105
COMMIT
INSERT INTO T_SALLE VALUES(105,'salle Mary Poppins',1960)
ALTER SEQUENCE PUBLIC.HIBERNATE_SEQUENCE RESTART WITH 106
COMMIT
INSERT INTO T_REUNION VALUES(106,'2018-01-24 11:03:23.148000',NULL,'R\u00e9union r01',100,103)
ALTER SEQUENCE PUBLIC.HIBERNATE_SEQUENCE RESTART WITH 107
COMMIT
INSERT INTO T_REUNION VALUES(107,'2018-01-24 11:03:23.148000',NULL,'R\u00e9union r02',101,104)
ALTER SEQUENCE PUBLIC.HIBERNATE_SEQUENCE RESTART WITH 108
COMMIT
INSERT INTO T_REUNION VALUES(108,'2018-01-24 11:03:23.148000',NULL,'R\u00e9union r03',102,105)
ALTER SEQUENCE PUBLIC.HIBERNATE_SEQUENCE RESTART WITH 109
COMMIT
/*C54*/SET SCHEMA PUBLIC
INSERT INTO T_PROJET VALUES(109,'projet 001')
ALTER SEQUENCE PUBLIC.HIBERNATE_SEQUENCE RESTART WITH 110
COMMIT
INSERT INTO T_PROJET VALUES(110,'projet 011')
ALTER SEQUENCE PUBLIC.HIBERNATE_SEQUENCE RESTART WITH 111
COMMIT
INSERT INTO T_PROJET VALUES(111,'projet 101')
ALTER SEQUENCE PUBLIC.HIBERNATE_SEQUENCE RESTART WITH 112
COMMIT
INSERT INTO T_SALLE VALUES(112,'salle R2D2',22)
ALTER SEQUENCE PUBLIC.HIBERNATE_SEQUENCE RESTART WITH 113
COMMIT
INSERT INTO T_SALLE VALUES(113,'salle 007',700)
ALTER SEQUENCE PUBLIC.HIBERNATE_SEQUENCE RESTART WITH 114
COMMIT
INSERT INTO T_SALLE VALUES(114,'salle Mary Poppins',1960)
ALTER SEQUENCE PUBLIC.HIBERNATE_SEQUENCE RESTART WITH 115
COMMIT
INSERT INTO T_REUNION VALUES(115,'2018-01-24 11:03:50.449000',NULL,'R\u00e9union r01',109,112)
ALTER SEQUENCE PUBLIC.HIBERNATE_SEQUENCE RESTART WITH 116
COMMIT
INSERT INTO T_REUNION VALUES(116,'2018-01-24 11:03:50.449000',NULL,'R\u00e9union r02',110,113)
ALTER SEQUENCE PUBLIC.HIBERNATE_SEQUENCE RESTART WITH 117
COMMIT
INSERT INTO T_REUNION VALUES(117,'2018-01-24 11:03:50.449000',NULL,'R\u00e9union r03',111,114)
ALTER SEQUENCE PUBLIC.HIBERNATE_SEQUENCE RESTART WITH 118
COMMIT
/*C55*/SET SCHEMA PUBLIC
DISCONNECT
/*C53*/DISCONNECT
/*C54*/DISCONNECT
/*C52*/DISCONNECT
/*C51*/DISCONNECT
/*C46*/DISCONNECT
/*C45*/DISCONNECT
/*C44*/DISCONNECT
/*C43*/DISCONNECT
/*C41*/SET SCHEMA PUBLIC
DISCONNECT
/*C40*/SET SCHEMA PUBLIC
DISCONNECT
/*C38*/SET SCHEMA PUBLIC
DISCONNECT
/*C35*/SET SCHEMA PUBLIC
DISCONNECT
/*C56*/SET SCHEMA PUBLIC
INSERT INTO T_PROJET VALUES(118,'projet 001')
ALTER SEQUENCE PUBLIC.HIBERNATE_SEQUENCE RESTART WITH 119
COMMIT
INSERT INTO T_PROJET VALUES(119,'projet 011')
ALTER SEQUENCE PUBLIC.HIBERNATE_SEQUENCE RESTART WITH 120
COMMIT
INSERT INTO T_PROJET VALUES(120,'projet 101')
ALTER SEQUENCE PUBLIC.HIBERNATE_SEQUENCE RESTART WITH 121
COMMIT
INSERT INTO T_SALLE VALUES(121,'salle R2D2',22)
ALTER SEQUENCE PUBLIC.HIBERNATE_SEQUENCE RESTART WITH 122
COMMIT
INSERT INTO T_SALLE VALUES(122,'salle 007',700)
ALTER SEQUENCE PUBLIC.HIBERNATE_SEQUENCE RESTART WITH 123
COMMIT
INSERT INTO T_SALLE VALUES(123,'salle Mary Poppins',1960)
ALTER SEQUENCE PUBLIC.HIBERNATE_SEQUENCE RESTART WITH 124
COMMIT
INSERT INTO T_REUNION VALUES(124,'2018-01-24 11:04:45.541000',NULL,'R\u00e9union r01',118,121)
ALTER SEQUENCE PUBLIC.HIBERNATE_SEQUENCE RESTART WITH 125
COMMIT
INSERT INTO T_REUNION VALUES(125,'2018-01-24 11:04:45.541000',NULL,'R\u00e9union r02',119,122)
ALTER SEQUENCE PUBLIC.HIBERNATE_SEQUENCE RESTART WITH 126
COMMIT
INSERT INTO T_REUNION VALUES(126,'2018-01-24 11:04:45.541000',NULL,'R\u00e9union r03',120,123)
ALTER SEQUENCE PUBLIC.HIBERNATE_SEQUENCE RESTART WITH 127
COMMIT
/*C57*/SET SCHEMA PUBLIC
INSERT INTO T_PROJET VALUES(127,'projet 001')
ALTER SEQUENCE PUBLIC.HIBERNATE_SEQUENCE RESTART WITH 128
COMMIT
INSERT INTO T_PROJET VALUES(128,'projet 011')
ALTER SEQUENCE PUBLIC.HIBERNATE_SEQUENCE RESTART WITH 129
COMMIT
INSERT INTO T_PROJET VALUES(129,'projet 101')
ALTER SEQUENCE PUBLIC.HIBERNATE_SEQUENCE RESTART WITH 130
COMMIT
INSERT INTO T_SALLE VALUES(130,'salle R2D2',22)
ALTER SEQUENCE PUBLIC.HIBERNATE_SEQUENCE RESTART WITH 131
COMMIT
INSERT INTO T_SALLE VALUES(131,'salle 007',700)
ALTER SEQUENCE PUBLIC.HIBERNATE_SEQUENCE RESTART WITH 132
COMMIT
INSERT INTO T_SALLE VALUES(132,'salle Mary Poppins',1960)
ALTER SEQUENCE PUBLIC.HIBERNATE_SEQUENCE RESTART WITH 133
COMMIT
INSERT INTO T_REUNION VALUES(133,'2018-01-24 11:06:18.062000',NULL,'R\u00e9union r01',127,130)
ALTER SEQUENCE PUBLIC.HIBERNATE_SEQUENCE RESTART WITH 134
COMMIT
INSERT INTO T_REUNION VALUES(134,'2018-01-24 11:06:18.062000',NULL,'R\u00e9union r02',128,131)
ALTER SEQUENCE PUBLIC.HIBERNATE_SEQUENCE RESTART WITH 135
COMMIT
INSERT INTO T_REUNION VALUES(135,'2018-01-24 11:06:18.062000',NULL,'R\u00e9union r03',129,132)
ALTER SEQUENCE PUBLIC.HIBERNATE_SEQUENCE RESTART WITH 136
COMMIT
/*C58*/SET SCHEMA PUBLIC
INSERT INTO T_PROJET VALUES(136,'projet 001')
ALTER SEQUENCE PUBLIC.HIBERNATE_SEQUENCE RESTART WITH 137
COMMIT
INSERT INTO T_PROJET VALUES(137,'projet 011')
ALTER SEQUENCE PUBLIC.HIBERNATE_SEQUENCE RESTART WITH 138
COMMIT
INSERT INTO T_PROJET VALUES(138,'projet 101')
ALTER SEQUENCE PUBLIC.HIBERNATE_SEQUENCE RESTART WITH 139
COMMIT
INSERT INTO T_SALLE VALUES(139,'salle R2D2',22)
ALTER SEQUENCE PUBLIC.HIBERNATE_SEQUENCE RESTART WITH 140
COMMIT
INSERT INTO T_SALLE VALUES(140,'salle 007',700)
ALTER SEQUENCE PUBLIC.HIBERNATE_SEQUENCE RESTART WITH 141
COMMIT
INSERT INTO T_SALLE VALUES(141,'salle Mary Poppins',1960)
ALTER SEQUENCE PUBLIC.HIBERNATE_SEQUENCE RESTART WITH 142
COMMIT
INSERT INTO T_REUNION VALUES(142,'2018-01-24 11:07:38.426000',NULL,'R\u00e9union r01',136,139)
ALTER SEQUENCE PUBLIC.HIBERNATE_SEQUENCE RESTART WITH 143
COMMIT
INSERT INTO T_REUNION VALUES(143,'2018-01-24 11:07:38.426000',NULL,'R\u00e9union r02',137,140)
ALTER SEQUENCE PUBLIC.HIBERNATE_SEQUENCE RESTART WITH 144
COMMIT
INSERT INTO T_REUNION VALUES(144,'2018-01-24 11:07:38.426000',NULL,'R\u00e9union r03',138,141)
ALTER SEQUENCE PUBLIC.HIBERNATE_SEQUENCE RESTART WITH 145
COMMIT
DISCONNECT
/*C57*/DISCONNECT
/*C56*/DISCONNECT
/*C59*/SET SCHEMA PUBLIC
INSERT INTO T_PROJET VALUES(145,'projet 001')
ALTER SEQUENCE PUBLIC.HIBERNATE_SEQUENCE RESTART WITH 146
COMMIT
INSERT INTO T_PROJET VALUES(146,'projet 011')
ALTER SEQUENCE PUBLIC.HIBERNATE_SEQUENCE RESTART WITH 147
COMMIT
INSERT INTO T_PROJET VALUES(147,'projet 101')
ALTER SEQUENCE PUBLIC.HIBERNATE_SEQUENCE RESTART WITH 148
COMMIT
INSERT INTO T_SALLE VALUES(148,'salle R2D2',22)
ALTER SEQUENCE PUBLIC.HIBERNATE_SEQUENCE RESTART WITH 149
COMMIT
INSERT INTO T_SALLE VALUES(149,'salle 007',700)
ALTER SEQUENCE PUBLIC.HIBERNATE_SEQUENCE RESTART WITH 150
COMMIT
INSERT INTO T_SALLE VALUES(150,'salle Mary Poppins',1960)
ALTER SEQUENCE PUBLIC.HIBERNATE_SEQUENCE RESTART WITH 151
COMMIT
INSERT INTO T_REUNION VALUES(151,'2018-01-24 11:08:54.941000',NULL,'R\u00e9union r01',145,148)
ALTER SEQUENCE PUBLIC.HIBERNATE_SEQUENCE RESTART WITH 152
COMMIT
INSERT INTO T_REUNION VALUES(152,'2018-01-24 11:08:54.941000',NULL,'R\u00e9union r02',146,149)
ALTER SEQUENCE PUBLIC.HIBERNATE_SEQUENCE RESTART WITH 153
COMMIT
INSERT INTO T_REUNION VALUES(153,'2018-01-24 11:08:54.941000',NULL,'R\u00e9union r03',147,150)
ALTER SEQUENCE PUBLIC.HIBERNATE_SEQUENCE RESTART WITH 154
COMMIT
/*C60*/SET SCHEMA PUBLIC
INSERT INTO T_PROJET VALUES(154,'projet 001')
ALTER SEQUENCE PUBLIC.HIBERNATE_SEQUENCE RESTART WITH 155
COMMIT
INSERT INTO T_PROJET VALUES(155,'projet 011')
ALTER SEQUENCE PUBLIC.HIBERNATE_SEQUENCE RESTART WITH 156
COMMIT
INSERT INTO T_PROJET VALUES(156,'projet 101')
ALTER SEQUENCE PUBLIC.HIBERNATE_SEQUENCE RESTART WITH 157
COMMIT
INSERT INTO T_SALLE VALUES(157,'salle R2D2',22)
ALTER SEQUENCE PUBLIC.HIBERNATE_SEQUENCE RESTART WITH 158
COMMIT
INSERT INTO T_SALLE VALUES(158,'salle 007',700)
ALTER SEQUENCE PUBLIC.HIBERNATE_SEQUENCE RESTART WITH 159
COMMIT
INSERT INTO T_SALLE VALUES(159,'salle Mary Poppins',1960)
ALTER SEQUENCE PUBLIC.HIBERNATE_SEQUENCE RESTART WITH 160
COMMIT
INSERT INTO T_REUNION VALUES(160,'2018-01-24 11:09:50.985000',NULL,'R\u00e9union r01',154,157)
ALTER SEQUENCE PUBLIC.HIBERNATE_SEQUENCE RESTART WITH 161
COMMIT
INSERT INTO T_REUNION VALUES(161,'2018-01-24 11:09:50.985000',NULL,'R\u00e9union r02',155,158)
ALTER SEQUENCE PUBLIC.HIBERNATE_SEQUENCE RESTART WITH 162
COMMIT
INSERT INTO T_REUNION VALUES(162,'2018-01-24 11:09:50.985000',NULL,'R\u00e9union r03',156,159)
ALTER SEQUENCE PUBLIC.HIBERNATE_SEQUENCE RESTART WITH 163
COMMIT
/*C61*/SET SCHEMA PUBLIC
INSERT INTO T_PROJET VALUES(163,'projet 001')
ALTER SEQUENCE PUBLIC.HIBERNATE_SEQUENCE RESTART WITH 164
COMMIT
INSERT INTO T_PROJET VALUES(164,'projet 011')
ALTER SEQUENCE PUBLIC.HIBERNATE_SEQUENCE RESTART WITH 165
COMMIT
INSERT INTO T_PROJET VALUES(165,'projet 101')
ALTER SEQUENCE PUBLIC.HIBERNATE_SEQUENCE RESTART WITH 166
COMMIT
INSERT INTO T_SALLE VALUES(166,'salle R2D2',22)
ALTER SEQUENCE PUBLIC.HIBERNATE_SEQUENCE RESTART WITH 167
COMMIT
INSERT INTO T_SALLE VALUES(167,'salle 007',700)
ALTER SEQUENCE PUBLIC.HIBERNATE_SEQUENCE RESTART WITH 168
COMMIT
INSERT INTO T_SALLE VALUES(168,'salle Mary Poppins',1960)
ALTER SEQUENCE PUBLIC.HIBERNATE_SEQUENCE RESTART WITH 169
COMMIT
INSERT INTO T_REUNION VALUES(169,'2018-01-24 11:12:25.513000',NULL,'R\u00e9union r01',163,166)
ALTER SEQUENCE PUBLIC.HIBERNATE_SEQUENCE RESTART WITH 170
COMMIT
INSERT INTO T_REUNION VALUES(170,'2018-01-24 11:12:25.513000',NULL,'R\u00e9union r02',164,167)
ALTER SEQUENCE PUBLIC.HIBERNATE_SEQUENCE RESTART WITH 171
COMMIT
INSERT INTO T_REUNION VALUES(171,'2018-01-24 11:12:25.513000',NULL,'R\u00e9union r03',165,168)
ALTER SEQUENCE PUBLIC.HIBERNATE_SEQUENCE RESTART WITH 172
COMMIT
DISCONNECT
/*C62*/SET SCHEMA PUBLIC
INSERT INTO T_PROJET VALUES(172,'projet 001')
ALTER SEQUENCE PUBLIC.HIBERNATE_SEQUENCE RESTART WITH 173
COMMIT
INSERT INTO T_PROJET VALUES(173,'projet 011')
ALTER SEQUENCE PUBLIC.HIBERNATE_SEQUENCE RESTART WITH 174
COMMIT
INSERT INTO T_PROJET VALUES(174,'projet 101')
ALTER SEQUENCE PUBLIC.HIBERNATE_SEQUENCE RESTART WITH 175
COMMIT
INSERT INTO T_SALLE VALUES(175,'salle R2D2',22)
ALTER SEQUENCE PUBLIC.HIBERNATE_SEQUENCE RESTART WITH 176
COMMIT
INSERT INTO T_SALLE VALUES(176,'salle 007',700)
ALTER SEQUENCE PUBLIC.HIBERNATE_SEQUENCE RESTART WITH 177
COMMIT
INSERT INTO T_SALLE VALUES(177,'salle Mary Poppins',1960)
ALTER SEQUENCE PUBLIC.HIBERNATE_SEQUENCE RESTART WITH 178
COMMIT
INSERT INTO T_REUNION VALUES(178,'2018-01-24 11:13:11.753000',NULL,'R\u00e9union r01',172,175)
ALTER SEQUENCE PUBLIC.HIBERNATE_SEQUENCE RESTART WITH 179
COMMIT
INSERT INTO T_REUNION VALUES(179,'2018-01-24 11:13:11.753000',NULL,'R\u00e9union r02',173,176)
ALTER SEQUENCE PUBLIC.HIBERNATE_SEQUENCE RESTART WITH 180
COMMIT
INSERT INTO T_REUNION VALUES(180,'2018-01-24 11:13:11.753000',NULL,'R\u00e9union r03',174,177)
ALTER SEQUENCE PUBLIC.HIBERNATE_SEQUENCE RESTART WITH 181
COMMIT
DISCONNECT
/*C63*/SET SCHEMA PUBLIC
INSERT INTO T_PROJET VALUES(181,'projet 001')
ALTER SEQUENCE PUBLIC.HIBERNATE_SEQUENCE RESTART WITH 182
COMMIT
INSERT INTO T_PROJET VALUES(182,'projet 011')
ALTER SEQUENCE PUBLIC.HIBERNATE_SEQUENCE RESTART WITH 183
COMMIT
INSERT INTO T_PROJET VALUES(183,'projet 101')
ALTER SEQUENCE PUBLIC.HIBERNATE_SEQUENCE RESTART WITH 184
COMMIT
INSERT INTO T_SALLE VALUES(184,'salle R2D2',22)
ALTER SEQUENCE PUBLIC.HIBERNATE_SEQUENCE RESTART WITH 185
COMMIT
INSERT INTO T_SALLE VALUES(185,'salle 007',700)
ALTER SEQUENCE PUBLIC.HIBERNATE_SEQUENCE RESTART WITH 186
COMMIT
INSERT INTO T_SALLE VALUES(186,'salle Mary Poppins',1960)
ALTER SEQUENCE PUBLIC.HIBERNATE_SEQUENCE RESTART WITH 187
COMMIT
INSERT INTO T_REUNION VALUES(187,'2018-01-24 11:13:29.618000',NULL,'R\u00e9union r01',181,184)
ALTER SEQUENCE PUBLIC.HIBERNATE_SEQUENCE RESTART WITH 188
COMMIT
INSERT INTO T_REUNION VALUES(188,'2018-01-24 11:13:29.618000',NULL,'R\u00e9union r02',182,185)
ALTER SEQUENCE PUBLIC.HIBERNATE_SEQUENCE RESTART WITH 189
COMMIT
INSERT INTO T_REUNION VALUES(189,'2018-01-24 11:13:29.618000',NULL,'R\u00e9union r03',183,186)
ALTER SEQUENCE PUBLIC.HIBERNATE_SEQUENCE RESTART WITH 190
COMMIT
DISCONNECT
